<?xml version="1.0" encoding="UTF-8"?>
<testsuites>
  <testsuite name="Test Suite" tests="1" assertions="1" errors="0" warnings="0" failures="0" skipped="0" time="0.004868">
    <testsuite name="Nickcheek\Brightree\Tests\BrightreeTest" file="/Users/Nick/Desktop/Projects/Brightree/tests/BrightreeTest.php" tests="1" assertions="1" errors="0" warnings="0" failures="0" skipped="0" time="0.004868">
      <testcase name="test_patient_service_returns_patient_object" class="Nickcheek\Brightree\Tests\BrightreeTest" classname="Nickcheek.Brightree.Tests.BrightreeTest" file="/Users/Nick/Desktop/Projects/Brightree/tests/BrightreeTest.php" line="10" assertions="1" time="0.004868"/>
    </testsuite>
  </testsuite>
</testsuites>
